info it worked if it ends with ok
verbose cli [ 'node', '/usr/local/bin/npm', 'link' ]
info using npm@1.0.27
info using node@v0.4.11
verbose config file /home/mikola/.npmrc
verbose config file /usr/local/etc/npmrc
ERR! Failed to parse json
ERR! Unexpected token ]
ERR! File: /home/mikola/GitHub/patcher.js/package.json
ERR! JSON.parse Failed to parse package.json data.
ERR! JSON.parse package.json must be actual JSON, not just JavaScript.
ERR! JSON.parse This is not a bug in npm.
ERR! JSON.parse Tell the package author to fix their package.json file.
ERR! 
ERR! System Linux 2.6.32-27-generic
ERR! command "node" "/usr/local/bin/npm" "link"
ERR! cwd /home/mikola/GitHub/patcher.js
ERR! node -v v0.4.11
ERR! npm -v 1.0.27
verbose exit [ 1, true ]
